<?xml version="1.0" encoding="UTF-8"?>
<!-- Generated by org.testng.reporters.JUnitXMLReporter -->
<testsuite hostname="dell-PC" name="Test" tests="9" failures="0" timestamp="15 Nov 2019 21:21:44 GMT" time="0.084" errors="0">
  <testcase name="tc1" time="0.012" classname="pkgA.Class1"/>
  <testcase name="tc2" time="0.003" classname="pkgA.Class1"/>
  <testcase name="tc3" time="0.003" classname="pkgA.Class1"/>
  <testcase name="tc4" time="0.002" classname="pkgA.Class2"/>
  <testcase name="tc5" time="0.002" classname="pkgA.Class2"/>
  <testcase name="tc6" time="0.002" classname="pkgA.Class2"/>
  <testcase name="tc7" time="0.002" classname="pkgB.Class3"/>
  <testcase name="tc8" time="0.002" classname="pkgB.Class3"/>
  <testcase name="tc9" time="0.002" classname="pkgB.Class3"/>
</testsuite> <!-- Test -->
