<?xml version="1.0" encoding="UTF-8"?>
<testng-results skipped="0" failed="0" total="9" passed="9">
  <reporter-output>
  </reporter-output>
  <suite name="Suite" duration-ms="84" started-at="2019-11-15T21:21:44Z" finished-at="2019-11-15T21:21:44Z">
    <groups>
    </groups>
    <test name="Test" duration-ms="84" started-at="2019-11-15T21:21:44Z" finished-at="2019-11-15T21:21:44Z">
      <class name="pkgA.Class1">
        <test-method status="PASS" signature="ab()[pri:0, instance:pkgA.Class1@3bfdc050]" name="ab" is-config="true" duration-ms="15" started-at="2019-11-16T02:51:44Z" finished-at="2019-11-16T02:51:44Z">
          <reporter-output>
          </reporter-output>
        </test-method> <!-- ab -->
        <test-method status="PASS" signature="cd()[pri:0, instance:pkgA.Class1@3bfdc050]" name="cd" is-config="true" duration-ms="0" started-at="2019-11-16T02:51:44Z" finished-at="2019-11-16T02:51:44Z">
          <reporter-output>
          </reporter-output>
        </test-method> <!-- cd -->
        <test-method status="PASS" signature="ef()[pri:0, instance:pkgA.Class1@3bfdc050]" name="ef" is-config="true" duration-ms="0" started-at="2019-11-16T02:51:44Z" finished-at="2019-11-16T02:51:44Z">
          <reporter-output>
          </reporter-output>
        </test-method> <!-- ef -->
        <test-method status="PASS" signature="gh()[pri:0, instance:pkgA.Class1@3bfdc050]" name="gh" is-config="true" duration-ms="1" started-at="2019-11-16T02:51:44Z" finished-at="2019-11-16T02:51:44Z">
          <reporter-output>
          </reporter-output>
        </test-method> <!-- gh -->
        <test-method status="PASS" signature="tc1()[pri:0, instance:pkgA.Class1@3bfdc050]" name="tc1" duration-ms="12" started-at="2019-11-16T02:51:44Z" finished-at="2019-11-16T02:51:44Z">
          <reporter-output>
          </reporter-output>
        </test-method> <!-- tc1 -->
        <test-method status="PASS" signature="ij()[pri:0, instance:pkgA.Class1@3bfdc050]" name="ij" is-config="true" duration-ms="1" started-at="2019-11-16T02:51:44Z" finished-at="2019-11-16T02:51:44Z">
          <reporter-output>
          </reporter-output>
        </test-method> <!-- ij -->
        <test-method status="PASS" signature="tc2()[pri:0, instance:pkgA.Class1@3bfdc050]" name="tc2" duration-ms="3" started-at="2019-11-16T02:51:44Z" finished-at="2019-11-16T02:51:44Z">
          <reporter-output>
          </reporter-output>
        </test-method> <!-- tc2 -->
        <test-method status="PASS" signature="gh()[pri:0, instance:pkgA.Class1@3bfdc050]" name="gh" is-config="true" duration-ms="0" started-at="2019-11-16T02:51:44Z" finished-at="2019-11-16T02:51:44Z">
          <reporter-output>
          </reporter-output>
        </test-method> <!-- gh -->
        <test-method status="PASS" signature="ij()[pri:0, instance:pkgA.Class1@3bfdc050]" name="ij" is-config="true" duration-ms="1" started-at="2019-11-16T02:51:44Z" finished-at="2019-11-16T02:51:44Z">
          <reporter-output>
          </reporter-output>
        </test-method> <!-- ij -->
        <test-method status="PASS" signature="gh()[pri:0, instance:pkgA.Class1@3bfdc050]" name="gh" is-config="true" duration-ms="0" started-at="2019-11-16T02:51:44Z" finished-at="2019-11-16T02:51:44Z">
          <reporter-output>
          </reporter-output>
        </test-method> <!-- gh -->
        <test-method status="PASS" signature="tc3()[pri:0, instance:pkgA.Class1@3bfdc050]" name="tc3" duration-ms="3" started-at="2019-11-16T02:51:44Z" finished-at="2019-11-16T02:51:44Z">
          <reporter-output>
          </reporter-output>
        </test-method> <!-- tc3 -->
        <test-method status="PASS" signature="ij()[pri:0, instance:pkgA.Class1@3bfdc050]" name="ij" is-config="true" duration-ms="0" started-at="2019-11-16T02:51:44Z" finished-at="2019-11-16T02:51:44Z">
          <reporter-output>
          </reporter-output>
        </test-method> <!-- ij -->
        <test-method status="PASS" signature="kl()[pri:0, instance:pkgA.Class1@3bfdc050]" name="kl" is-config="true" duration-ms="1" started-at="2019-11-16T02:51:44Z" finished-at="2019-11-16T02:51:44Z">
          <reporter-output>
          </reporter-output>
        </test-method> <!-- kl -->
        <test-method status="PASS" signature="mn()[pri:0, instance:pkgA.Class1@3bfdc050]" name="mn" is-config="true" duration-ms="1" started-at="2019-11-16T02:51:44Z" finished-at="2019-11-16T02:51:44Z">
          <reporter-output>
          </reporter-output>
        </test-method> <!-- mn -->
        <test-method status="PASS" signature="op()[pri:0, instance:pkgA.Class1@3bfdc050]" name="op" is-config="true" duration-ms="1" started-at="2019-11-16T02:51:44Z" finished-at="2019-11-16T02:51:44Z">
          <reporter-output>
          </reporter-output>
        </test-method> <!-- op -->
      </class> <!-- pkgA.Class1 -->
      <class name="pkgB.Class3">
        <test-method status="PASS" signature="tc7()[pri:0, instance:pkgB.Class3@42e26948]" name="tc7" duration-ms="2" started-at="2019-11-16T02:51:44Z" finished-at="2019-11-16T02:51:44Z">
          <reporter-output>
          </reporter-output>
        </test-method> <!-- tc7 -->
        <test-method status="PASS" signature="tc8()[pri:0, instance:pkgB.Class3@42e26948]" name="tc8" duration-ms="2" started-at="2019-11-16T02:51:44Z" finished-at="2019-11-16T02:51:44Z">
          <reporter-output>
          </reporter-output>
        </test-method> <!-- tc8 -->
        <test-method status="PASS" signature="tc9()[pri:0, instance:pkgB.Class3@42e26948]" name="tc9" duration-ms="2" started-at="2019-11-16T02:51:44Z" finished-at="2019-11-16T02:51:44Z">
          <reporter-output>
          </reporter-output>
        </test-method> <!-- tc9 -->
      </class> <!-- pkgB.Class3 -->
      <class name="pkgA.Class2">
        <test-method status="PASS" signature="tc4()[pri:0, instance:pkgA.Class2@39c0f4a]" name="tc4" duration-ms="2" started-at="2019-11-16T02:51:44Z" finished-at="2019-11-16T02:51:44Z">
          <reporter-output>
          </reporter-output>
        </test-method> <!-- tc4 -->
        <test-method status="PASS" signature="tc5()[pri:0, instance:pkgA.Class2@39c0f4a]" name="tc5" duration-ms="2" started-at="2019-11-16T02:51:44Z" finished-at="2019-11-16T02:51:44Z">
          <reporter-output>
          </reporter-output>
        </test-method> <!-- tc5 -->
        <test-method status="PASS" signature="tc6()[pri:0, instance:pkgA.Class2@39c0f4a]" name="tc6" duration-ms="2" started-at="2019-11-16T02:51:44Z" finished-at="2019-11-16T02:51:44Z">
          <reporter-output>
          </reporter-output>
        </test-method> <!-- tc6 -->
      </class> <!-- pkgA.Class2 -->
    </test> <!-- Test -->
  </suite> <!-- Suite -->
</testng-results>
